# JRE version: Java(TM) SE Runtime Environment 18.9 (11.0.20+9) (build 11.0.20+9-LTS-256)
# Java VM: Java HotSpot(TM) 64-Bit Server VM 18.9 (11.0.20+9-LTS-256, mixed mode, tiered, compressed oops, g1 gc, windows-amd64)
Heap:
 garbage-first heap   total 325632K, used 94970K [0x00000006c2600000, 0x0000000800000000)
  region size 1024K, 74 young (75776K), 9 survivors (9216K)
 Metaspace       used 58433K, capacity 59161K, committed 59420K, reserved 1101824K
  class space    used 6978K, capacity 7291K, committed 7372K, reserved 1048576K
GC Heap History (10 events):
Event: 1.876 GC heap before
{Heap before GC invocations=1 (full 0):
 garbage-first heap   total 325632K, used 42685K [0x00000006c2600000, 0x0000000800000000)
  region size 1024K, 40 young (40960K), 3 survivors (3072K)
 Metaspace       used 20945K, capacity 21116K, committed 21296K, reserved 1069056K
  class space    used 2246K, capacity 2344K, committed 2432K, reserved 1048576K
}
Event: 1.881 GC heap after
{Heap after GC invocations=2 (full 0):
 garbage-first heap   total 325632K, used 9265K [0x00000006c2600000, 0x0000000800000000)
  region size 1024K, 7 young (7168K), 7 survivors (7168K)
 Metaspace       used 20945K, capacity 21116K, committed 21296K, reserved 1069056K
  class space    used 2246K, capacity 2344K, committed 2432K, reserved 1048576K
}
Event: 3.395 GC heap before
{Heap before GC invocations=3 (full 0):
 garbage-first heap   total 325632K, used 66609K [0x00000006c2600000, 0x0000000800000000)
  region size 1024K, 58 young (59392K), 7 survivors (7168K)
 Metaspace       used 33374K, capacity 33810K, committed 34096K, reserved 1079296K
  class space    used 4202K, capacity 4375K, committed 4480K, reserved 1048576K
}
Event: 3.404 GC heap after
{Heap after GC invocations=4 (full 0):
 garbage-first heap   total 325632K, used 20536K [0x00000006c2600000, 0x0000000800000000)
  region size 1024K, 8 young (8192K), 8 survivors (8192K)
 Metaspace       used 33374K, capacity 33810K, committed 34096K, reserved 1079296K
  class space    used 4202K, capacity 4375K, committed 4480K, reserved 1048576K
}
Event: 3.627 GC heap before
{Heap before GC invocations=4 (full 0):
 garbage-first heap   total 325632K, used 27704K [0x00000006c2600000, 0x0000000800000000)
  region size 1024K, 15 young (15360K), 8 survivors (8192K)
 Metaspace       used 34421K, capacity 34813K, committed 34864K, reserved 1079296K
  class space    used 4303K, capacity 4475K, committed 4480K, reserved 1048576K
}
Event: 3.634 GC heap after
{Heap after GC invocations=5 (full 0):
 garbage-first heap   total 325632K, used 20467K [0x00000006c2600000, 0x0000000800000000)
  region size 1024K, 2 young (2048K), 2 survivors (2048K)
 Metaspace       used 34421K, capacity 34813K, committed 34864K, reserved 1079296K
  class space    used 4303K, capacity 4475K, committed 4480K, reserved 1048576K
}
Event: 3.704 GC heap before
{Heap before GC invocations=5 (full 0):
 garbage-first heap   total 325632K, used 25587K [0x00000006c2600000, 0x0000000800000000)
  region size 1024K, 8 young (8192K), 2 survivors (2048K)
 Metaspace       used 35492K, capacity 35852K, committed 35920K, reserved 1081344K
  class space    used 4432K, capacity 4608K, committed 4608K, reserved 1048576K
}
Event: 3.705 GC heap after
{Heap after GC invocations=6 (full 0):
 garbage-first heap   total 325632K, used 20310K [0x00000006c2600000, 0x0000000800000000)
  region size 1024K, 2 young (2048K), 2 survivors (2048K)
 Metaspace       used 35492K, capacity 35852K, committed 35920K, reserved 1081344K
  class space    used 4432K, capacity 4608K, committed 4608K, reserved 1048576K
}
Event: 5.578 GC heap before
{Heap before GC invocations=7 (full 0):
 garbage-first heap   total 325632K, used 99158K [0x00000006c2600000, 0x0000000800000000)
  region size 1024K, 76 young (77824K), 2 survivors (2048K)
 Metaspace       used 52318K, capacity 52948K, committed 53148K, reserved 1095680K
  class space    used 6338K, capacity 6613K, committed 6732K, reserved 1048576K
}
Event: 5.586 GC heap after
{Heap after GC invocations=8 (full 0):
 garbage-first heap   total 325632K, used 29434K [0x00000006c2600000, 0x0000000800000000)
  region size 1024K, 9 young (9216K), 9 survivors (9216K)
 Metaspace       used 52318K, capacity 52948K, committed 53148K, reserved 1095680K
  class space    used 6338K, capacity 6613K, committed 6732K, reserved 1048576K
}

